Arguments: 
  /home/neylanio/.nvm/versions/node/v12.18.0/bin/node /usr/share/yarn/bin/yarn.js add ecxpress

PATH: 
  /home/neylanio/.nvm/versions/node/v12.18.0/bin:/usr/local/sbin:/usr/local/bin:/usr/sbin:/usr/bin:/sbin:/bin:/usr/games:/usr/local/games:/snap/bin:/home/neylanio/.yarn/bin:/home/neylanio/Android/Sdk/emulator:/home/neylanio/Android/Sdk/tools:/home/neylanio/Android/Sdk/tools/bin:/home/neylanio/Android/Sdk/platform-tools:/home/neylanio/android-studio/bin:/home/neylanio/.yarn/bin:/home/neylanio/Android/Sdk/emulator:/home/neylanio/Android/Sdk/tools:/home/neylanio/Android/Sdk/tools/bin:/home/neylanio/Android/Sdk/platform-tools:/home/neylanio/android-studio/bin

Yarn version: 
  1.22.5

Node version: 
  12.18.0

Platform: 
  linux x64

Trace: 
  Error: https://registry.yarnpkg.com/ecxpress: Not found
      at Request.params.callback [as _callback] (/usr/share/yarn/lib/cli.js:66988:18)
      at Request.self.callback (/usr/share/yarn/lib/cli.js:140749:22)
      at Request.emit (events.js:315:20)
      at Request.<anonymous> (/usr/share/yarn/lib/cli.js:141721:10)
      at Request.emit (events.js:315:20)
      at IncomingMessage.<anonymous> (/usr/share/yarn/lib/cli.js:141643:12)
      at Object.onceWrapper (events.js:421:28)
      at IncomingMessage.emit (events.js:327:22)
      at endReadableNT (_stream_readable.js:1221:12)
      at processTicksAndRejections (internal/process/task_queues.js:84:21)

npm manifest: 
  {
    "name": "backend-dev_secret",
    "version": "1.0.0",
    "main": "index.js",
    "license": "MIT"
  }

yarn manifest: 
  No manifest

Lockfile: 
  No lockfile
